<?xml version="1.0" encoding="UTF-8"?>
<!-- Generated by org.testng.reporters.JUnitReportReporter -->
<testsuite hostname="DESKTOP-68OQ1K7" failures="0" tests="1" name="facebook.Login.ValidLoginTest" time="1.934" errors="0" timestamp="2022-04-10T12:22:03 IST" skipped="0">
  <testcase classname="facebook.Login.ValidLoginTest" name="loginToApp" time="1.934"/>
  <system-out/>
</testsuite> <!-- facebook.Login.ValidLoginTest -->
